# JRE version: Java(TM) SE Runtime Environment (8.0_201-b09) (build 1.8.0_201-b09)
# Java VM: Java HotSpot(TM) 64-Bit Server VM (25.201-b09 mixed mode linux-amd64 compressed oops)
Heap:
 PSYoungGen      total 304640K, used 0K [0x00000000d6b80000, 0x00000000fac80000, 0x0000000100000000)
  eden space 211456K, 0% used [0x00000000d6b80000,0x00000000d6b80000,0x00000000e3a00000)
  from space 93184K, 0% used [0x00000000e3a00000,0x00000000e3a00000,0x00000000e9500000)
  to   space 160768K, 0% used [0x00000000f0f80000,0x00000000f0f80000,0x00000000fac80000)
 ParOldGen       total 383488K, used 352723K [0x0000000084200000, 0x000000009b880000, 0x00000000d6b80000)
  object space 383488K, 91% used [0x0000000084200000,0x0000000099a74d40,0x000000009b880000)
 Metaspace       used 78675K, capacity 81907K, committed 82176K, reserved 1120256K
  class space    used 9801K, capacity 10608K, committed 10752K, reserved 1048576K
GC Heap History (10 events):
Event: 8,167 GC heap after
Heap after GC invocations=15 (full 3):
 PSYoungGen      total 212992K, used 0K [0x00000000d6b80000, 0x00000000e7280000, 0x0000000100000000)
  eden space 191488K, 0% used [0x00000000d6b80000,0x00000000d6b80000,0x00000000e2680000)
  from space 21504K, 0% used [0x00000000e3b00000,0x00000000e3b00000,0x00000000e5000000)
  to   space 20992K, 0% used [0x00000000e2680000,0x00000000e2680000,0x00000000e3b00000)
 ParOldGen       total 169984K, used 46926K [0x0000000084200000, 0x000000008e800000, 0x00000000d6b80000)
  object space 169984K, 27% used [0x0000000084200000,0x0000000086fd3b70,0x000000008e800000)
 Metaspace       used 56711K, capacity 59041K, committed 59136K, reserved 1099776K
  class space    used 7255K, capacity 7910K, committed 7936K, reserved 1048576K
}
Event: 8,839 GC heap before
{Heap before GC invocations=16 (full 3):
 PSYoungGen      total 212992K, used 191488K [0x00000000d6b80000, 0x00000000e7280000, 0x0000000100000000)
  eden space 191488K, 100% used [0x00000000d6b80000,0x00000000e2680000,0x00000000e2680000)
  from space 21504K, 0% used [0x00000000e3b00000,0x00000000e3b00000,0x00000000e5000000)
  to   space 20992K, 0% used [0x00000000e2680000,0x00000000e2680000,0x00000000e3b00000)
 ParOldGen       total 169984K, used 46926K [0x0000000084200000, 0x000000008e800000, 0x00000000d6b80000)
  object space 169984K, 27% used [0x0000000084200000,0x0000000086fd3b70,0x000000008e800000)
 Metaspace       used 62404K, capacity 65023K, committed 65280K, reserved 1105920K
  class space    used 8107K, capacity 8833K, committed 8960K, reserved 1048576K
Event: 8,874 GC heap after
Heap after GC invocations=16 (full 3):
 PSYoungGen      total 212480K, used 20976K [0x00000000d6b80000, 0x00000000ee380000, 0x0000000100000000)
  eden space 191488K, 0% used [0x00000000d6b80000,0x00000000d6b80000,0x00000000e2680000)
  from space 20992K, 99% used [0x00000000e2680000,0x00000000e3afc250,0x00000000e3b00000)
  to   space 80384K, 0% used [0x00000000e9500000,0x00000000e9500000,0x00000000ee380000)
 ParOldGen       total 203776K, used 200332K [0x0000000084200000, 0x0000000090900000, 0x00000000d6b80000)
  object space 203776K, 98% used [0x0000000084200000,0x00000000905a30d8,0x0000000090900000)
 Metaspace       used 62404K, capacity 65023K, committed 65280K, reserved 1105920K
  class space    used 8107K, capacity 8833K, committed 8960K, reserved 1048576K
}
Event: 8,874 GC heap before
{Heap before GC invocations=17 (full 4):
 PSYoungGen      total 212480K, used 20976K [0x00000000d6b80000, 0x00000000ee380000, 0x0000000100000000)
  eden space 191488K, 0% used [0x00000000d6b80000,0x00000000d6b80000,0x00000000e2680000)
  from space 20992K, 99% used [0x00000000e2680000,0x00000000e3afc250,0x00000000e3b00000)
  to   space 80384K, 0% used [0x00000000e9500000,0x00000000e9500000,0x00000000ee380000)
 ParOldGen       total 203776K, used 200332K [0x0000000084200000, 0x0000000090900000, 0x00000000d6b80000)
  object space 203776K, 98% used [0x0000000084200000,0x00000000905a30d8,0x0000000090900000)
 Metaspace       used 62404K, capacity 65023K, committed 65280K, reserved 1105920K
  class space    used 8107K, capacity 8833K, committed 8960K, reserved 1048576K
Event: 8,938 GC heap after
Heap after GC invocations=17 (full 4):
 PSYoungGen      total 212480K, used 0K [0x00000000d6b80000, 0x00000000ee380000, 0x0000000100000000)
  eden space 191488K, 0% used [0x00000000d6b80000,0x00000000d6b80000,0x00000000e2680000)
  from space 20992K, 0% used [0x00000000e2680000,0x00000000e2680000,0x00000000e3b00000)
  to   space 80384K, 0% used [0x00000000e9500000,0x00000000e9500000,0x00000000ee380000)
 ParOldGen       total 383488K, used 155460K [0x0000000084200000, 0x000000009b880000, 0x00000000d6b80000)
  object space 383488K, 40% used [0x0000000084200000,0x000000008d9d1200,0x000000009b880000)
 Metaspace       used 62404K, capacity 65023K, committed 65280K, reserved 1105920K
  class space    used 8107K, capacity 8833K, committed 8960K, reserved 1048576K
}
Event: 13,411 GC heap before
{Heap before GC invocations=18 (full 4):
 PSYoungGen      total 212480K, used 175438K [0x00000000d6b80000, 0x00000000ee380000, 0x0000000100000000)
  eden space 191488K, 91% used [0x00000000d6b80000,0x00000000e16d3a70,0x00000000e2680000)
  from space 20992K, 0% used [0x00000000e2680000,0x00000000e2680000,0x00000000e3b00000)
  to   space 80384K, 0% used [0x00000000e9500000,0x00000000e9500000,0x00000000ee380000)
 ParOldGen       total 383488K, used 155460K [0x0000000084200000, 0x000000009b880000, 0x00000000d6b80000)
  object space 383488K, 40% used [0x0000000084200000,0x000000008d9d1200,0x000000009b880000)
 Metaspace       used 67632K, capacity 70681K, committed 70784K, reserved 1110016K
  class space    used 8808K, capacity 9568K, committed 9600K, reserved 1048576K
Event: 13,448 GC heap after
Heap after GC invocations=18 (full 4):
 PSYoungGen      total 291840K, used 75910K [0x00000000d6b80000, 0x00000000ef680000, 0x0000000100000000)
  eden space 211456K, 0% used [0x00000000d6b80000,0x00000000d6b80000,0x00000000e3a00000)
  from space 80384K, 94% used [0x00000000e9500000,0x00000000edf21b48,0x00000000ee380000)
  to   space 93184K, 0% used [0x00000000e3a00000,0x00000000e3a00000,0x00000000e9500000)
 ParOldGen       total 383488K, used 237388K [0x0000000084200000, 0x000000009b880000, 0x00000000d6b80000)
  object space 383488K, 61% used [0x0000000084200000,0x00000000929d3250,0x000000009b880000)
 Metaspace       used 67632K, capacity 70681K, committed 70784K, reserved 1110016K
  class space    used 8808K, capacity 9568K, committed 9600K, reserved 1048576K
}
Event: 23,736 GC heap before
{Heap before GC invocations=19 (full 4):
 PSYoungGen      total 291840K, used 287366K [0x00000000d6b80000, 0x00000000ef680000, 0x0000000100000000)
  eden space 211456K, 100% used [0x00000000d6b80000,0x00000000e3a00000,0x00000000e3a00000)
  from space 80384K, 94% used [0x00000000e9500000,0x00000000edf21b48,0x00000000ee380000)
  to   space 93184K, 0% used [0x00000000e3a00000,0x00000000e3a00000,0x00000000e9500000)
 ParOldGen       total 383488K, used 237388K [0x0000000084200000, 0x000000009b880000, 0x00000000d6b80000)
  object space 383488K, 61% used [0x0000000084200000,0x00000000929d3250,0x000000009b880000)
 Metaspace       used 78726K, capacity 82027K, committed 82176K, reserved 1120256K
  class space    used 9815K, capacity 10632K, committed 10752K, reserved 1048576K
Event: 25,741 GC heap after
Heap after GC invocations=19 (full 4):
 PSYoungGen      total 304640K, used 93175K [0x00000000d6b80000, 0x00000000fac80000, 0x0000000100000000)
  eden space 211456K, 0% used [0x00000000d6b80000,0x00000000d6b80000,0x00000000e3a00000)
  from space 93184K, 99% used [0x00000000e3a00000,0x00000000e94fddf8,0x00000000e9500000)
  to   space 160768K, 0% used [0x00000000f0f80000,0x00000000f0f80000,0x00000000fac80000)
 ParOldGen       total 383488K, used 375343K [0x0000000084200000, 0x000000009b880000, 0x00000000d6b80000)
  object space 383488K, 97% used [0x0000000084200000,0x000000009b08bcf0,0x000000009b880000)
 Metaspace       used 78726K, capacity 82027K, committed 82176K, reserved 1120256K
  class space    used 9815K, capacity 10632K, committed 10752K, reserved 1048576K
}
Event: 25,741 GC heap before
{Heap before GC invocations=20 (full 5):
 PSYoungGen      total 304640K, used 93175K [0x00000000d6b80000, 0x00000000fac80000, 0x0000000100000000)
  eden space 211456K, 0% used [0x00000000d6b80000,0x00000000d6b80000,0x00000000e3a00000)
  from space 93184K, 99% used [0x00000000e3a00000,0x00000000e94fddf8,0x00000000e9500000)
  to   space 160768K, 0% used [0x00000000f0f80000,0x00000000f0f80000,0x00000000fac80000)
 ParOldGen       total 383488K, used 375343K [0x0000000084200000, 0x000000009b880000, 0x00000000d6b80000)
  object space 383488K, 97% used [0x0000000084200000,0x000000009b08bcf0,0x000000009b880000)
 Metaspace       used 78726K, capacity 82027K, committed 82176K, reserved 1120256K
  class space    used 9815K, capacity 10632K, committed 10752K, reserved 1048576K

